<?xml version="1.0" encoding="UTF-8"?>
<testsuite xmlns:xsi="http://www.w3.org/2001/XMLSchema-instance" xsi:noNamespaceSchemaLocation="https://maven.apache.org/surefire/maven-surefire-plugin/xsd/surefire-test-report-3.0.xsd" version="3.0" name="TestSuite" time="18.432" tests="3" errors="0" skipped="0" failures="1">
  <properties>
    <property name="gopherProxySet" value="false"/>
    <property name="awt.toolkit" value="sun.lwawt.macosx.LWCToolkit"/>
    <property name="java.specification.version" value="11"/>
    <property name="sun.cpu.isalist" value=""/>
    <property name="sun.jnu.encoding" value="UTF-8"/>
    <property name="java.class.path" value="/Users/aishwaryasahoo/IdeaProjects/PlaywrightPOMSeries/target/test-classes:/Users/aishwaryasahoo/IdeaProjects/PlaywrightPOMSeries/target/classes:/Users/aishwaryasahoo/.m2/repository/org/apache/maven/plugins/maven-compiler-plugin/3.14.1/maven-compiler-plugin-3.14.1.jar:/Users/aishwaryasahoo/.m2/repository/org/ow2/asm/asm/9.8/asm-9.8.jar:/Users/aishwaryasahoo/.m2/repository/org/apache/maven/shared/maven-shared-utils/3.4.2/maven-shared-utils-3.4.2.jar:/Users/aishwaryasahoo/.m2/repository/org/apache/maven/shared/maven-shared-incremental/1.1/maven-shared-incremental-1.1.jar:/Users/aishwaryasahoo/.m2/repository/org/codehaus/plexus/plexus-java/1.5.0/plexus-java-1.5.0.jar:/Users/aishwaryasahoo/.m2/repository/com/thoughtworks/qdox/qdox/2.2.0/qdox-2.2.0.jar:/Users/aishwaryasahoo/.m2/repository/org/codehaus/plexus/plexus-compiler-api/2.15.0/plexus-compiler-api-2.15.0.jar:/Users/aishwaryasahoo/.m2/repository/org/codehaus/plexus/plexus-compiler-manager/2.15.0/plexus-compiler-manager-2.15.0.jar:/Users/aishwaryasahoo/.m2/repository/javax/inject/javax.inject/1/javax.inject-1.jar:/Users/aishwaryasahoo/.m2/repository/org/codehaus/plexus/plexus-xml/3.0.0/plexus-xml-3.0.0.jar:/Users/aishwaryasahoo/.m2/repository/org/codehaus/plexus/plexus-compiler-javac/2.15.0/plexus-compiler-javac-2.15.0.jar:/Users/aishwaryasahoo/.m2/repository/org/codehaus/plexus/plexus-utils/4.0.2/plexus-utils-4.0.2.jar:/Users/aishwaryasahoo/.m2/repository/com/microsoft/playwright/playwright/1.55.0/playwright-1.55.0.jar:/Users/aishwaryasahoo/.m2/repository/com/google/code/gson/gson/2.12.1/gson-2.12.1.jar:/Users/aishwaryasahoo/.m2/repository/com/google/errorprone/error_prone_annotations/2.36.0/error_prone_annotations-2.36.0.jar:/Users/aishwaryasahoo/.m2/repository/org/opentest4j/opentest4j/1.3.0/opentest4j-1.3.0.jar:/Users/aishwaryasahoo/.m2/repository/com/microsoft/playwright/driver/1.55.0/driver-1.55.0.jar:/Users/aishwaryasahoo/.m2/repository/com/microsoft/playwright/driver-bundle/1.55.0/driver-bundle-1.55.0.jar:/Users/aishwaryasahoo/.m2/repository/org/testng/testng/7.8.0/testng-7.8.0.jar:/Users/aishwaryasahoo/.m2/repository/org/slf4j/slf4j-api/1.7.36/slf4j-api-1.7.36.jar:/Users/aishwaryasahoo/.m2/repository/com/beust/jcommander/1.82/jcommander-1.82.jar:/Users/aishwaryasahoo/.m2/repository/org/webjars/jquery/3.6.1/jquery-3.6.1.jar:/Users/aishwaryasahoo/.m2/repository/org/apache/poi/poi/5.4.1/poi-5.4.1.jar:/Users/aishwaryasahoo/.m2/repository/commons-codec/commons-codec/1.18.0/commons-codec-1.18.0.jar:/Users/aishwaryasahoo/.m2/repository/org/apache/commons/commons-collections4/4.4/commons-collections4-4.4.jar:/Users/aishwaryasahoo/.m2/repository/org/apache/commons/commons-math3/3.6.1/commons-math3-3.6.1.jar:/Users/aishwaryasahoo/.m2/repository/commons-io/commons-io/2.18.0/commons-io-2.18.0.jar:/Users/aishwaryasahoo/.m2/repository/com/zaxxer/SparseBitSet/1.3/SparseBitSet-1.3.jar:/Users/aishwaryasahoo/.m2/repository/org/apache/logging/log4j/log4j-api/2.25.2/log4j-api-2.25.2.jar:/Users/aishwaryasahoo/.m2/repository/io/qameta/allure/allure-testng/2.21.0/allure-testng-2.21.0.jar:/Users/aishwaryasahoo/.m2/repository/io/qameta/allure/allure-test-filter/2.21.0/allure-test-filter-2.21.0.jar:/Users/aishwaryasahoo/.m2/repository/io/qameta/allure/allure-java-commons/2.21.0/allure-java-commons-2.21.0.jar:/Users/aishwaryasahoo/.m2/repository/io/qameta/allure/allure-model/2.21.0/allure-model-2.21.0.jar:/Users/aishwaryasahoo/.m2/repository/io/github/uchagani/allure-playwright-java/1.1.0/allure-playwright-java-1.1.0.jar:/Users/aishwaryasahoo/.m2/repository/com/aventstack/extentreports/5.1.2/extentreports-5.1.2.jar:/Users/aishwaryasahoo/.m2/repository/io/reactivex/rxjava3/rxjava/3.1.6/rxjava-3.1.6.jar:/Users/aishwaryasahoo/.m2/repository/org/reactivestreams/reactive-streams/1.0.4/reactive-streams-1.0.4.jar:/Users/aishwaryasahoo/.m2/repository/org/freemarker/freemarker/2.3.32/freemarker-2.3.32.jar:/Users/aishwaryasahoo/.m2/repository/org/projectlombok/lombok/1.18.26/lombok-1.18.26.jar:"/>
    <property name="java.vm.vendor" value="Oracle Corporation"/>
    <property name="sun.arch.data.model" value="64"/>
    <property name="java.vendor.url" value="https://openjdk.java.net/"/>
    <property name="user.timezone" value="America/Los_Angeles"/>
    <property name="java.vm.specification.version" value="11"/>
    <property name="os.name" value="Mac OS X"/>
    <property name="sun.java.launcher" value="SUN_STANDARD"/>
    <property name="user.country" value="US"/>
    <property name="sun.boot.library.path" value="/Library/Java/JavaVirtualMachines/jdk-11.jdk/Contents/Home/lib"/>
    <property name="sun.java.command" value="/Users/aishwaryasahoo/IdeaProjects/PlaywrightPOMSeries/target/surefire/surefirebooter-20250928232657723_3.jar /Users/aishwaryasahoo/IdeaProjects/PlaywrightPOMSeries/target/surefire 2025-09-28T23-26-57_678-jvmRun1 surefire-20250928232657723_1tmp surefire_0-20250928232657723_2tmp"/>
    <property name="http.nonProxyHosts" value="local|*.local|169.254/16|*.169.254/16"/>
    <property name="jdk.debug" value="release"/>
    <property name="surefire.test.class.path" value="/Users/aishwaryasahoo/IdeaProjects/PlaywrightPOMSeries/target/test-classes:/Users/aishwaryasahoo/IdeaProjects/PlaywrightPOMSeries/target/classes:/Users/aishwaryasahoo/.m2/repository/org/apache/maven/plugins/maven-compiler-plugin/3.14.1/maven-compiler-plugin-3.14.1.jar:/Users/aishwaryasahoo/.m2/repository/org/ow2/asm/asm/9.8/asm-9.8.jar:/Users/aishwaryasahoo/.m2/repository/org/apache/maven/shared/maven-shared-utils/3.4.2/maven-shared-utils-3.4.2.jar:/Users/aishwaryasahoo/.m2/repository/org/apache/maven/shared/maven-shared-incremental/1.1/maven-shared-incremental-1.1.jar:/Users/aishwaryasahoo/.m2/repository/org/codehaus/plexus/plexus-java/1.5.0/plexus-java-1.5.0.jar:/Users/aishwaryasahoo/.m2/repository/com/thoughtworks/qdox/qdox/2.2.0/qdox-2.2.0.jar:/Users/aishwaryasahoo/.m2/repository/org/codehaus/plexus/plexus-compiler-api/2.15.0/plexus-compiler-api-2.15.0.jar:/Users/aishwaryasahoo/.m2/repository/org/codehaus/plexus/plexus-compiler-manager/2.15.0/plexus-compiler-manager-2.15.0.jar:/Users/aishwaryasahoo/.m2/repository/javax/inject/javax.inject/1/javax.inject-1.jar:/Users/aishwaryasahoo/.m2/repository/org/codehaus/plexus/plexus-xml/3.0.0/plexus-xml-3.0.0.jar:/Users/aishwaryasahoo/.m2/repository/org/codehaus/plexus/plexus-compiler-javac/2.15.0/plexus-compiler-javac-2.15.0.jar:/Users/aishwaryasahoo/.m2/repository/org/codehaus/plexus/plexus-utils/4.0.2/plexus-utils-4.0.2.jar:/Users/aishwaryasahoo/.m2/repository/com/microsoft/playwright/playwright/1.55.0/playwright-1.55.0.jar:/Users/aishwaryasahoo/.m2/repository/com/google/code/gson/gson/2.12.1/gson-2.12.1.jar:/Users/aishwaryasahoo/.m2/repository/com/google/errorprone/error_prone_annotations/2.36.0/error_prone_annotations-2.36.0.jar:/Users/aishwaryasahoo/.m2/repository/org/opentest4j/opentest4j/1.3.0/opentest4j-1.3.0.jar:/Users/aishwaryasahoo/.m2/repository/com/microsoft/playwright/driver/1.55.0/driver-1.55.0.jar:/Users/aishwaryasahoo/.m2/repository/com/microsoft/playwright/driver-bundle/1.55.0/driver-bundle-1.55.0.jar:/Users/aishwaryasahoo/.m2/repository/org/testng/testng/7.8.0/testng-7.8.0.jar:/Users/aishwaryasahoo/.m2/repository/org/slf4j/slf4j-api/1.7.36/slf4j-api-1.7.36.jar:/Users/aishwaryasahoo/.m2/repository/com/beust/jcommander/1.82/jcommander-1.82.jar:/Users/aishwaryasahoo/.m2/repository/org/webjars/jquery/3.6.1/jquery-3.6.1.jar:/Users/aishwaryasahoo/.m2/repository/org/apache/poi/poi/5.4.1/poi-5.4.1.jar:/Users/aishwaryasahoo/.m2/repository/commons-codec/commons-codec/1.18.0/commons-codec-1.18.0.jar:/Users/aishwaryasahoo/.m2/repository/org/apache/commons/commons-collections4/4.4/commons-collections4-4.4.jar:/Users/aishwaryasahoo/.m2/repository/org/apache/commons/commons-math3/3.6.1/commons-math3-3.6.1.jar:/Users/aishwaryasahoo/.m2/repository/commons-io/commons-io/2.18.0/commons-io-2.18.0.jar:/Users/aishwaryasahoo/.m2/repository/com/zaxxer/SparseBitSet/1.3/SparseBitSet-1.3.jar:/Users/aishwaryasahoo/.m2/repository/org/apache/logging/log4j/log4j-api/2.25.2/log4j-api-2.25.2.jar:/Users/aishwaryasahoo/.m2/repository/io/qameta/allure/allure-testng/2.21.0/allure-testng-2.21.0.jar:/Users/aishwaryasahoo/.m2/repository/io/qameta/allure/allure-test-filter/2.21.0/allure-test-filter-2.21.0.jar:/Users/aishwaryasahoo/.m2/repository/io/qameta/allure/allure-java-commons/2.21.0/allure-java-commons-2.21.0.jar:/Users/aishwaryasahoo/.m2/repository/io/qameta/allure/allure-model/2.21.0/allure-model-2.21.0.jar:/Users/aishwaryasahoo/.m2/repository/io/github/uchagani/allure-playwright-java/1.1.0/allure-playwright-java-1.1.0.jar:/Users/aishwaryasahoo/.m2/repository/com/aventstack/extentreports/5.1.2/extentreports-5.1.2.jar:/Users/aishwaryasahoo/.m2/repository/io/reactivex/rxjava3/rxjava/3.1.6/rxjava-3.1.6.jar:/Users/aishwaryasahoo/.m2/repository/org/reactivestreams/reactive-streams/1.0.4/reactive-streams-1.0.4.jar:/Users/aishwaryasahoo/.m2/repository/org/freemarker/freemarker/2.3.32/freemarker-2.3.32.jar:/Users/aishwaryasahoo/.m2/repository/org/projectlombok/lombok/1.18.26/lombok-1.18.26.jar:"/>
    <property name="allure.results.directory" value="/Users/aishwaryasahoo/IdeaProjects/PlaywrightPOMSeries/target/allure-results"/>
    <property name="sun.cpu.endian" value="little"/>
    <property name="user.home" value="/Users/aishwaryasahoo"/>
    <property name="user.language" value="en"/>
    <property name="java.specification.vendor" value="Oracle Corporation"/>
    <property name="java.version.date" value="2024-10-15"/>
    <property name="java.home" value="/Library/Java/JavaVirtualMachines/jdk-11.jdk/Contents/Home"/>
    <property name="file.separator" value="/"/>
    <property name="basedir" value="/Users/aishwaryasahoo/IdeaProjects/PlaywrightPOMSeries"/>
    <property name="java.vm.compressedOopsMode" value="Zero based"/>
    <property name="line.separator" value="&#10;"/>
    <property name="java.specification.name" value="Java Platform API Specification"/>
    <property name="java.vm.specification.vendor" value="Oracle Corporation"/>
    <property name="java.awt.graphicsenv" value="sun.awt.CGraphicsEnvironment"/>
    <property name="surefire.real.class.path" value="/Users/aishwaryasahoo/IdeaProjects/PlaywrightPOMSeries/target/surefire/surefirebooter-20250928232657723_3.jar"/>
    <property name="sun.management.compiler" value="HotSpot 64-Bit Tiered Compilers"/>
    <property name="ftp.nonProxyHosts" value="local|*.local|169.254/16|*.169.254/16"/>
    <property name="java.runtime.version" value="11.0.25+9-LTS-256"/>
    <property name="user.name" value="aishwaryasahoo"/>
    <property name="path.separator" value=":"/>
    <property name="os.version" value="15.5"/>
    <property name="java.runtime.name" value="Java(TM) SE Runtime Environment"/>
    <property name="file.encoding" value="UTF-8"/>
    <property name="java.vm.name" value="Java HotSpot(TM) 64-Bit Server VM"/>
    <property name="java.vendor.version" value="18.9"/>
    <property name="localRepository" value="/Users/aishwaryasahoo/.m2/repository"/>
    <property name="java.vendor.url.bug" value="https://bugreport.java.com/bugreport/"/>
    <property name="java.io.tmpdir" value="/var/folders/zg/s01xsgdj6kxffc4vsb4tk09r0000gn/T/"/>
    <property name="java.version" value="11.0.25"/>
    <property name="user.dir" value="/Users/aishwaryasahoo/IdeaProjects/PlaywrightPOMSeries"/>
    <property name="os.arch" value="aarch64"/>
    <property name="java.vm.specification.name" value="Java Virtual Machine Specification"/>
    <property name="java.awt.printerjob" value="sun.lwawt.macosx.CPrinterJob"/>
    <property name="sun.os.patch.level" value="unknown"/>
    <property name="java.library.path" value="/Users/aishwaryasahoo/Library/Java/Extensions:/Library/Java/Extensions:/Network/Library/Java/Extensions:/System/Library/Java/Extensions:/usr/lib/java:."/>
    <property name="java.vendor" value="Oracle Corporation"/>
    <property name="java.vm.info" value="mixed mode"/>
    <property name="java.vm.version" value="11.0.25+9-LTS-256"/>
    <property name="java.specification.maintenance.version" value="3"/>
    <property name="sun.io.unicode.encoding" value="UnicodeBig"/>
    <property name="java.class.version" value="55.0"/>
    <property name="socksNonProxyHosts" value="local|*.local|169.254/16|*.169.254/16"/>
  </properties>
  <testcase name="loginPageNavigationTest" classname="com.qa.opencart.test.LoginPageTest" time="2.545">
    <system-out><![CDATA[...
... TestNG 7.8.0 by Cédric Beust (cedric@beust.com)
...

Browser name is: chromium
Actual login page title: Account Login
]]></system-out>
    <system-err><![CDATA[SLF4J: Failed to load class "org.slf4j.impl.StaticLoggerBinder".
SLF4J: Defaulting to no-operation (NOP) logger implementation
SLF4J: See http://www.slf4j.org/codes.html#StaticLoggerBinder for further details.
]]></system-err>
  </testcase>
  <testcase name="isForgotPasswordLinkExist" classname="com.qa.opencart.test.LoginPageTest" time="0.009"/>
  <testcase name="doLoginTest" classname="com.qa.opencart.test.LoginPageTest" time="3.59">
    <failure message="expected [true] but found [false]" type="java.lang.AssertionError"><![CDATA[java.lang.AssertionError: expected [true] but found [false]
	at org.testng.Assert.fail(Assert.java:111)
	at org.testng.Assert.failNotEquals(Assert.java:1578)
	at org.testng.Assert.assertTrue(Assert.java:57)
	at org.testng.Assert.assertTrue(Assert.java:67)
	at com.qa.opencart.test.LoginPageTest.doLoginTest(LoginPageTest.java:35)
	at java.base/jdk.internal.reflect.NativeMethodAccessorImpl.invoke0(Native Method)
	at java.base/jdk.internal.reflect.NativeMethodAccessorImpl.invoke(NativeMethodAccessorImpl.java:62)
	at java.base/jdk.internal.reflect.DelegatingMethodAccessorImpl.invoke(DelegatingMethodAccessorImpl.java:43)
	at java.base/java.lang.reflect.Method.invoke(Method.java:566)
	at org.testng.internal.invokers.MethodInvocationHelper.invokeMethod(MethodInvocationHelper.java:139)
	at org.testng.internal.invokers.TestInvoker.invokeMethod(TestInvoker.java:664)
	at org.testng.internal.invokers.TestInvoker.invokeTestMethod(TestInvoker.java:227)
	at org.testng.internal.invokers.MethodRunner.runInSequence(MethodRunner.java:50)
	at org.testng.internal.invokers.TestInvoker$MethodInvocationAgent.invoke(TestInvoker.java:957)
	at org.testng.internal.invokers.TestInvoker.invokeTestMethods(TestInvoker.java:200)
	at org.testng.internal.invokers.TestMethodWorker.invokeTestMethods(TestMethodWorker.java:148)
	at org.testng.internal.invokers.TestMethodWorker.run(TestMethodWorker.java:128)
	at java.base/java.util.ArrayList.forEach(ArrayList.java:1541)
	at org.testng.TestRunner.privateRun(TestRunner.java:848)
	at org.testng.TestRunner.run(TestRunner.java:621)
	at org.testng.SuiteRunner.runTest(SuiteRunner.java:443)
	at org.testng.SuiteRunner.runSequentially(SuiteRunner.java:437)
	at org.testng.SuiteRunner.privateRun(SuiteRunner.java:397)
	at org.testng.SuiteRunner.run(SuiteRunner.java:336)
	at org.testng.SuiteRunnerWorker.runSuite(SuiteRunnerWorker.java:52)
	at org.testng.SuiteRunnerWorker.run(SuiteRunnerWorker.java:95)
	at org.testng.TestNG.runSuitesSequentially(TestNG.java:1280)
	at org.testng.TestNG.runSuitesLocally(TestNG.java:1200)
	at org.testng.TestNG.runSuites(TestNG.java:1114)
	at org.testng.TestNG.run(TestNG.java:1082)
	at org.apache.maven.surefire.testng.TestNGExecutor.run(TestNGExecutor.java:308)
	at org.apache.maven.surefire.testng.TestNGXmlTestSuite.execute(TestNGXmlTestSuite.java:71)
	at org.apache.maven.surefire.testng.TestNGProvider.invoke(TestNGProvider.java:113)
	at org.apache.maven.surefire.booter.ForkedBooter.runSuitesInProcess(ForkedBooter.java:385)
	at org.apache.maven.surefire.booter.ForkedBooter.execute(ForkedBooter.java:162)
	at org.apache.maven.surefire.booter.ForkedBooter.run(ForkedBooter.java:507)
	at org.apache.maven.surefire.booter.ForkedBooter.main(ForkedBooter.java:495)
]]></failure>
    <system-out><![CDATA[Entering email id: abc123@gmail.com
Entering password: Nailed@123
Clicking Login button...
]]></system-out>
  </testcase>
</testsuite>