<?xml version="1.0" encoding="UTF-8"?>
<!-- Generated by org.testng.reporters.JUnitReportReporter -->
<testsuite hostname="Aishwaryas-MacBook-Pro.local" failures="0" tests="10" name="com.qa.opencart.test.HomePageTest" time="10.266" errors="0" timestamp="2025-10-02T13:50:58 PDT" skipped="0">
  <testcase classname="com.qa.opencart.test.HomePageTest" name="verifyUrlTest" time="0.084"/>
  <testcase classname="com.qa.opencart.test.HomePageTest" name="verifyUrlTest" time="0.154"/>
  <testcase classname="com.qa.opencart.test.HomePageTest" name="verifyTitleTest" time="0.298"/>
  <testcase classname="com.qa.opencart.test.HomePageTest" name="verifyTitleTest" time="0.300"/>
  <testcase classname="com.qa.opencart.test.HomePageTest" name="verifySearchTest" time="1.950"/>
  <testcase classname="com.qa.opencart.test.HomePageTest" name="verifySearchTest" time="0.948"/>
  <testcase classname="com.qa.opencart.test.HomePageTest" name="verifySearchTest" time="1.869"/>
  <testcase classname="com.qa.opencart.test.HomePageTest" name="verifySearchTest" time="2.005"/>
  <testcase classname="com.qa.opencart.test.HomePageTest" name="verifySearchTest" time="0.865"/>
  <testcase classname="com.qa.opencart.test.HomePageTest" name="verifySearchTest" time="1.793"/>
</testsuite> <!-- com.qa.opencart.test.HomePageTest -->
